Using pre-set license
Built from '2022.3/staging' branch; Version is '2022.3.16f1 (d2c21f0ef2f1) revision 13812255'; Using compiler version '192829333'; Build Type 'Release'
OS: 'Windows 11  (10.0.22631) 64bit Professional' Language: 'es' Physical Memory: 16305 MB
BatchMode: 1, IsHumanControllingUs: 0, StartBugReporterOnCrash: 0, Is64bit: 1, IsPro: 1

COMMAND LINE ARGUMENTS:
C:\Program Files\Unity\Hub\Editor\2022.3.16f1\Editor\Unity.exe
-adb2
-batchMode
-noUpm
-name
AssetImportWorker0
-projectPath
C:/Users/Fernando/Documents/GitHub/Cryptotactic-Prototype/unityProject
-logFile
Logs/AssetImportWorker0.log
-srvPort
50827
Successfully changed project path to: C:/Users/Fernando/Documents/GitHub/Cryptotactic-Prototype/unityProject
C:/Users/Fernando/Documents/GitHub/Cryptotactic-Prototype/unityProject
[UnityMemory] Configuration Parameters - Can be set up in boot.config
    "memorysetup-bucket-allocator-granularity=16"
    "memorysetup-bucket-allocator-bucket-count=8"
    "memorysetup-bucket-allocator-block-size=33554432"
    "memorysetup-bucket-allocator-block-count=8"
    "memorysetup-main-allocator-block-size=16777216"
    "memorysetup-thread-allocator-block-size=16777216"
    "memorysetup-gfx-main-allocator-block-size=16777216"
    "memorysetup-gfx-thread-allocator-block-size=16777216"
    "memorysetup-cache-allocator-block-size=4194304"
    "memorysetup-typetree-allocator-block-size=2097152"
    "memorysetup-profiler-bucket-allocator-granularity=16"
    "memorysetup-profiler-bucket-allocator-bucket-count=8"
    "memorysetup-profiler-bucket-allocator-block-size=33554432"
    "memorysetup-profiler-bucket-allocator-block-count=8"
    "memorysetup-profiler-allocator-block-size=16777216"
    "memorysetup-profiler-editor-allocator-block-size=1048576"
    "memorysetup-temp-allocator-size-main=16777216"
    "memorysetup-job-temp-allocator-block-size=2097152"
    "memorysetup-job-temp-allocator-block-size-background=1048576"
    "memorysetup-job-temp-allocator-reduction-small-platforms=262144"
    "memorysetup-allocator-temp-initial-block-size-main=262144"
    "memorysetup-allocator-temp-initial-block-size-worker=262144"
    "memorysetup-temp-allocator-size-background-worker=32768"
    "memorysetup-temp-allocator-size-job-worker=262144"
    "memorysetup-temp-allocator-size-preload-manager=33554432"
    "memorysetup-temp-allocator-size-nav-mesh-worker=65536"
    "memorysetup-temp-allocator-size-audio-worker=65536"
    "memorysetup-temp-allocator-size-cloud-worker=32768"
    "memorysetup-temp-allocator-size-gi-baking-worker=262144"
    "memorysetup-temp-allocator-size-gfx=262144"
Player connection [4544] Host "[IP] 192.168.1.159 [Port] 0 [Flags] 2 [Guid] 3771390475 [EditorId] 3771390475 [Version] 1048832 [Id] WindowsEditor(7,Family-PC) [Debug] 1 [PackageName] WindowsEditor [ProjectName] Editor" joined multi-casting on [225.0.0.222:54997]...

Player connection [4544] Host "[IP] 192.168.1.159 [Port] 0 [Flags] 2 [Guid] 3771390475 [EditorId] 3771390475 [Version] 1048832 [Id] WindowsEditor(7,Family-PC) [Debug] 1 [PackageName] WindowsEditor [ProjectName] Editor" joined alternative multi-casting on [225.0.0.222:34997]...

[Physics::Module] Initialized MultithreadedJobDispatcher with 3 workers.
Refreshing native plugins compatible for Editor in 23.62 ms, found 3 plugins.
Preloading 0 native plugins for Editor in 0.00 ms.
Initialize engine version: 2022.3.16f1 (d2c21f0ef2f1)
[Subsystems] Discovering subsystems at path C:/Program Files/Unity/Hub/Editor/2022.3.16f1/Editor/Data/Resources/UnitySubsystems
[Subsystems] Discovering subsystems at path C:/Users/Fernando/Documents/GitHub/Cryptotactic-Prototype/unityProject/Assets
GfxDevice: creating device client; threaded=0; jobified=0
Direct3D:
    Version:  Direct3D 11.0 [level 11.1]
    Renderer: NVIDIA GeForce GTX 1050 Ti (ID=0x1c82)
    Vendor:   NVIDIA
    VRAM:     4018 MB
    Driver:   27.21.14.5671
Initialize mono
Mono path[0] = 'C:/Program Files/Unity/Hub/Editor/2022.3.16f1/Editor/Data/Managed'
Mono path[1] = 'C:/Program Files/Unity/Hub/Editor/2022.3.16f1/Editor/Data/MonoBleedingEdge/lib/mono/unityjit-win32'
Mono config path = 'C:/Program Files/Unity/Hub/Editor/2022.3.16f1/Editor/Data/MonoBleedingEdge/etc'
Using monoOptions --debugger-agent=transport=dt_socket,embedding=1,server=y,suspend=n,address=127.0.0.1:56400
Begin MonoManager ReloadAssembly
Registering precompiled unity dll's ...
Register platform support module: C:/Program Files/Unity/Hub/Editor/2022.3.16f1/Editor/Data/PlaybackEngines/WindowsStandaloneSupport/UnityEditor.WindowsStandalone.Extensions.dll
Registered in 0.016073 seconds.
- Loaded All Assemblies, in  0.642 seconds
Native extension for WindowsStandalone target not found
Mono: successfully reloaded assembly
- Finished resetting the current domain, in  0.533 seconds
Domain Reload Profiling: 1172ms
	BeginReloadAssembly (216ms)
		ExecutionOrderSort (0ms)
		DisableScriptedObjects (0ms)
		BackupInstance (0ms)
		ReleaseScriptingObjects (0ms)
		CreateAndSetChildDomain (1ms)
	RebuildCommonClasses (61ms)
	RebuildNativeTypeToScriptingClass (16ms)
	initialDomainReloadingComplete (113ms)
	LoadAllAssembliesAndSetupDomain (231ms)
		LoadAssemblies (208ms)
		RebuildTransferFunctionScriptingTraits (0ms)
		AnalyzeDomain (226ms)
			TypeCache.Refresh (224ms)
				TypeCache.ScanAssembly (203ms)
			ScanForSourceGeneratedMonoScriptInfo (1ms)
			ResolveRequiredComponents (1ms)
	FinalizeReload (534ms)
		ReleaseScriptCaches (0ms)
		RebuildScriptCaches (0ms)
		SetupLoadedEditorAssemblies (422ms)
			LogAssemblyErrors (0ms)
			InitializePlatformSupportModulesInManaged (15ms)
			SetLoadedEditorAssemblies (15ms)
			RefreshPlugins (0ms)
			BeforeProcessingInitializeOnLoad (3ms)
			ProcessInitializeOnLoadAttributes (299ms)
			ProcessInitializeOnLoadMethodAttributes (90ms)
			AfterProcessingInitializeOnLoad (0ms)
			EditorAssembliesLoaded (0ms)
		ExecutionOrderSort2 (0ms)
		AwakeInstancesAfterBackupRestoration (0ms)
========================================================================
Worker process is ready to serve import requests
Begin MonoManager ReloadAssembly
- Loaded All Assemblies, in  1.009 seconds
Refreshing native plugins compatible for Editor in 4.65 ms, found 3 plugins.
Native extension for WindowsStandalone target not found
Package Manager log level set to [2]
[Package Manager] Server::EnsureServerProcessIsRunning -- launch failed, reason: Unity was launched with the -noUpm command-line argument
[Package Manager] UpmClient::Send -- Unable to send message (not connected to UPM process).
[Package Manager] Cannot connect to Unity Package Manager local server
Mono: successfully reloaded assembly
- Finished resetting the current domain, in  0.768 seconds
Domain Reload Profiling: 1771ms
	BeginReloadAssembly (320ms)
		ExecutionOrderSort (0ms)
		DisableScriptedObjects (30ms)
		BackupInstance (0ms)
		ReleaseScriptingObjects (0ms)
		CreateAndSetChildDomain (40ms)
	RebuildCommonClasses (67ms)
	RebuildNativeTypeToScriptingClass (19ms)
	initialDomainReloadingComplete (86ms)
	LoadAllAssembliesAndSetupDomain (510ms)
		LoadAssemblies (457ms)
		RebuildTransferFunctionScriptingTraits (0ms)
		AnalyzeDomain (223ms)
			TypeCache.Refresh (198ms)
				TypeCache.ScanAssembly (183ms)
			ScanForSourceGeneratedMonoScriptInfo (19ms)
			ResolveRequiredComponents (5ms)
	FinalizeReload (769ms)
		ReleaseScriptCaches (0ms)
		RebuildScriptCaches (0ms)
		SetupLoadedEditorAssemblies (564ms)
			LogAssemblyErrors (0ms)
			InitializePlatformSupportModulesInManaged (11ms)
			SetLoadedEditorAssemblies (6ms)
			RefreshPlugins (0ms)
			BeforeProcessingInitializeOnLoad (90ms)
			ProcessInitializeOnLoadAttributes (418ms)
			ProcessInitializeOnLoadMethodAttributes (28ms)
			AfterProcessingInitializeOnLoad (12ms)
			EditorAssembliesLoaded (0ms)
		ExecutionOrderSort2 (0ms)
		AwakeInstancesAfterBackupRestoration (9ms)
Launched and connected shader compiler UnityShaderCompiler.exe after 0.05 seconds
Refreshing native plugins compatible for Editor in 5.31 ms, found 3 plugins.
Preloading 0 native plugins for Editor in 0.00 ms.
Unloading 3083 Unused Serialized files (Serialized files now loaded: 0)
Unloading 32 unused Assets / (56.9 KB). Loaded Objects now: 3544.
Memory consumption went from 122.1 MB to 122.0 MB.
Total: 3.556700 ms (FindLiveObjects: 0.374800 ms CreateObjectMapping: 0.137500 ms MarkObjects: 2.909400 ms  DeleteObjects: 0.133300 ms)

AssetImportParameters requested are different than current active one (requested -> active):
  custom:container-demuxer-ogg: 62fdf1f143b41e24485cea50d1cbac27 -> 
  custom:video-codec-MediaFoundation-h265: 746d11721c4dcdbdad8f713fa42b33f4 -> 
  custom:video-decoder-ogg-theora: a1e56fd34408186e4bbccfd4996cb3dc -> 
  custom:framework-win-MediaFoundation: 216162199b28c13a410421893ffa2e32 -> 
  custom:CustomObjectIndexerAttribute: 43b350a4d6e6d1791af0b5038c4bea17 -> 
  custom:container-demuxer-webm: 4f35f7cbe854078d1ac9338744f61a02 -> 
  custom:container-muxer-webm: aa71ff27fc2769a1b78a27578f13a17b -> 
  custom:video-decoder-webm-vp8: 9c59270c3fd7afecdb556c50c9e8de78 -> 
  custom:SearchIndexIgnoredProperties: e643bd26f0fe6173181afceb89e7c659 -> 
  custom:AudioImporter_EditorPlatform: d09bf68614088b80899f8185d706f6e7 -> 
  custom:video-encoder-webm-vp8: eb34c28f22e8b96e1ab97ce403110664 -> 
  custom:audio-decoder-ogg-vorbis: bf7c407c2cedff20999df2af8eb42d56 -> 
  custom:audio-encoder-webm-vorbis: bf7c407c2cedff20999df2af8eb42d56 -> 
========================================================================
Received Import Request.
  Time since last request: 2924.907908 seconds.
  path: Assets/_Scenes
  artifactKey: Guid(eeb5e32102101634bbe9cc945d876530) Importer(815301076,1909f56bfc062723c751e8b465ee728b)
Start importing Assets/_Scenes using Guid(eeb5e32102101634bbe9cc945d876530) Importer(815301076,1909f56bfc062723c751e8b465ee728b)  -> (artifact id: '3a78ed12389887cc587e4f87f439e13a') in 0.004011 seconds
Number of updated asset objects reloaded before import = 0
Number of asset objects unloaded after import = 0
========================================================================
Received Import Request.
  Time since last request: 0.000028 seconds.
  path: Assets
  artifactKey: Guid(00000000000000001000000000000000) Importer(815301076,1909f56bfc062723c751e8b465ee728b)
Start importing Assets using Guid(00000000000000001000000000000000) Importer(815301076,1909f56bfc062723c751e8b465ee728b)  -> (artifact id: '8a4fe85251aa2e89732c359432baa2c3') in 0.000387 seconds
Number of updated asset objects reloaded before import = 0
Number of asset objects unloaded after import = 0
========================================================================
Received Import Request.
  Time since last request: 7.488946 seconds.
  path: Assets/_Materials
  artifactKey: Guid(df95b9cff9008304b969ef8bb3ff5413) Importer(815301076,1909f56bfc062723c751e8b465ee728b)
Start importing Assets/_Materials using Guid(df95b9cff9008304b969ef8bb3ff5413) Importer(815301076,1909f56bfc062723c751e8b465ee728b)  -> (artifact id: 'ba16242befe049c710c10aebadb7c980') in 0.000563 seconds
Number of updated asset objects reloaded before import = 0
Number of asset objects unloaded after import = 0
========================================================================
Received Import Request.
  Time since last request: 2.786575 seconds.
  path: Assets/_Materials 1
  artifactKey: Guid(89c68c67e1e0bb34dae11ebfd41e22e5) Importer(815301076,1909f56bfc062723c751e8b465ee728b)
Start importing Assets/_Materials 1 using Guid(89c68c67e1e0bb34dae11ebfd41e22e5) Importer(815301076,1909f56bfc062723c751e8b465ee728b)  -> (artifact id: 'd8ca602b812b237aef67b2d3c104fc0b') in 0.000684 seconds
Number of updated asset objects reloaded before import = 0
Number of asset objects unloaded after import = 0
========================================================================
Received Import Request.
  Time since last request: 0.146445 seconds.
  path: Assets/_Materials 2
  artifactKey: Guid(cdbb259b44db998438b36731dabbb0d2) Importer(815301076,1909f56bfc062723c751e8b465ee728b)
Start importing Assets/_Materials 2 using Guid(cdbb259b44db998438b36731dabbb0d2) Importer(815301076,1909f56bfc062723c751e8b465ee728b)  -> (artifact id: '957e2692b72d250ce38dc25ec05f7d7c') in 0.000604 seconds
Number of updated asset objects reloaded before import = 0
Number of asset objects unloaded after import = 0
========================================================================
Received Import Request.
  Time since last request: 0.138921 seconds.
  path: Assets/_Materials 3
  artifactKey: Guid(61886a4f306166f4e9cb4536b89b7989) Importer(815301076,1909f56bfc062723c751e8b465ee728b)
Start importing Assets/_Materials 3 using Guid(61886a4f306166f4e9cb4536b89b7989) Importer(815301076,1909f56bfc062723c751e8b465ee728b)  -> (artifact id: '1922d2008a4585bdf54fc98ee348a4cd') in 0.000577 seconds
Number of updated asset objects reloaded before import = 0
Number of asset objects unloaded after import = 0
========================================================================
Received Import Request.
  Time since last request: 0.133391 seconds.
  path: Assets/_Materials 4
  artifactKey: Guid(62cdfdcde08d4fa4093f0304a65e9e76) Importer(815301076,1909f56bfc062723c751e8b465ee728b)
Start importing Assets/_Materials 4 using Guid(62cdfdcde08d4fa4093f0304a65e9e76) Importer(815301076,1909f56bfc062723c751e8b465ee728b)  -> (artifact id: '5cfd55c9ff76bb38b2a04b665a81da8b') in 0.000599 seconds
Number of updated asset objects reloaded before import = 0
Number of asset objects unloaded after import = 0
========================================================================
Received Import Request.
  Time since last request: 4.343282 seconds.
  path: Assets/_Prefabs
  artifactKey: Guid(62cdfdcde08d4fa4093f0304a65e9e76) Importer(815301076,1909f56bfc062723c751e8b465ee728b)
Start importing Assets/_Prefabs using Guid(62cdfdcde08d4fa4093f0304a65e9e76) Importer(815301076,1909f56bfc062723c751e8b465ee728b)  -> (artifact id: '42603597d1b421f31efd2ab0030e6b1c') in 0.000752 seconds
Number of updated asset objects reloaded before import = 0
Number of asset objects unloaded after import = 0
========================================================================
Received Import Request.
  Time since last request: 3.096410 seconds.
  path: Assets/_Scripts
  artifactKey: Guid(61886a4f306166f4e9cb4536b89b7989) Importer(815301076,1909f56bfc062723c751e8b465ee728b)
Start importing Assets/_Scripts using Guid(61886a4f306166f4e9cb4536b89b7989) Importer(815301076,1909f56bfc062723c751e8b465ee728b)  -> (artifact id: 'b9b11f0146bd9b639cbb4408a4bcea34') in 0.000659 seconds
Number of updated asset objects reloaded before import = 0
Number of asset objects unloaded after import = 0
========================================================================
Received Import Request.
  Time since last request: 3.438805 seconds.
  path: Assets/_Fonts
  artifactKey: Guid(89c68c67e1e0bb34dae11ebfd41e22e5) Importer(815301076,1909f56bfc062723c751e8b465ee728b)
Start importing Assets/_Fonts using Guid(89c68c67e1e0bb34dae11ebfd41e22e5) Importer(815301076,1909f56bfc062723c751e8b465ee728b)  -> (artifact id: 'dc9471b4766d979e0b92a908aa5fbab6') in 0.000665 seconds
Number of updated asset objects reloaded before import = 0
Number of asset objects unloaded after import = 0
========================================================================
Received Import Request.
  Time since last request: 6.995719 seconds.
  path: Assets/Resources
  artifactKey: Guid(cdbb259b44db998438b36731dabbb0d2) Importer(815301076,1909f56bfc062723c751e8b465ee728b)
Start importing Assets/Resources using Guid(cdbb259b44db998438b36731dabbb0d2) Importer(815301076,1909f56bfc062723c751e8b465ee728b)  -> (artifact id: 'cf165641fb712e1918a1ba782fcbcded') in 0.000697 seconds
Number of updated asset objects reloaded before import = 0
Number of asset objects unloaded after import = 0
========================================================================
Received Import Request.
  Time since last request: 7.071459 seconds.
  path: Assets/Resources/_Scripts 1
  artifactKey: Guid(bd263c876b1912f449b1daec489a1b79) Importer(815301076,1909f56bfc062723c751e8b465ee728b)
Start importing Assets/Resources/_Scripts 1 using Guid(bd263c876b1912f449b1daec489a1b79) Importer(815301076,1909f56bfc062723c751e8b465ee728b)  -> (artifact id: '27a2794a3135e395827d9dfad3fee766') in 0.000535 seconds
Number of updated asset objects reloaded before import = 0
Number of asset objects unloaded after import = 0
========================================================================
Received Import Request.
  Time since last request: 14.060308 seconds.
  path: Assets/Resources/_Images
  artifactKey: Guid(bd263c876b1912f449b1daec489a1b79) Importer(815301076,1909f56bfc062723c751e8b465ee728b)
Start importing Assets/Resources/_Images using Guid(bd263c876b1912f449b1daec489a1b79) Importer(815301076,1909f56bfc062723c751e8b465ee728b)  -> (artifact id: '6b894e787ceeec8336f5a09ba879387f') in 0.000856 seconds
Number of updated asset objects reloaded before import = 0
Number of asset objects unloaded after import = 0
========================================================================
Received Import Request.
  Time since last request: 1.252919 seconds.
  path: Assets/Resources/_Images 1
  artifactKey: Guid(d67f70fb3639dac44a1e8650ac9b7e48) Importer(815301076,1909f56bfc062723c751e8b465ee728b)
Start importing Assets/Resources/_Images 1 using Guid(d67f70fb3639dac44a1e8650ac9b7e48) Importer(815301076,1909f56bfc062723c751e8b465ee728b)  -> (artifact id: '209a81fab19329194b41cf129f084b40') in 0.000544 seconds
Number of updated asset objects reloaded before import = 0
Number of asset objects unloaded after import = 0
========================================================================
Received Import Request.
  Time since last request: 2.617173 seconds.
  path: Assets/Resources/_Sounds
  artifactKey: Guid(d67f70fb3639dac44a1e8650ac9b7e48) Importer(815301076,1909f56bfc062723c751e8b465ee728b)
Start importing Assets/Resources/_Sounds using Guid(d67f70fb3639dac44a1e8650ac9b7e48) Importer(815301076,1909f56bfc062723c751e8b465ee728b)  -> (artifact id: '9ffe66935453db1480f18ce199b3ffd0') in 0.000542 seconds
Number of updated asset objects reloaded before import = 0
Number of asset objects unloaded after import = 0
========================================================================
Received Import Request.
  Time since last request: 74.302976 seconds.
  path: Assets/Resources/_Sprites
  artifactKey: Guid(bd263c876b1912f449b1daec489a1b79) Importer(815301076,1909f56bfc062723c751e8b465ee728b)
Start importing Assets/Resources/_Sprites using Guid(bd263c876b1912f449b1daec489a1b79) Importer(815301076,1909f56bfc062723c751e8b465ee728b)  -> (artifact id: 'e0b8c01fe9473b012aa73ac70647e60e') in 0.000930 seconds
Number of updated asset objects reloaded before import = 0
Number of asset objects unloaded after import = 0
========================================================================
Received Import Request.
  Time since last request: 1.221801 seconds.
  path: Assets/Resources/_Sprites 1
  artifactKey: Guid(91e030ef97194694191f8551cafb23cb) Importer(815301076,1909f56bfc062723c751e8b465ee728b)
Start importing Assets/Resources/_Sprites 1 using Guid(91e030ef97194694191f8551cafb23cb) Importer(815301076,1909f56bfc062723c751e8b465ee728b)  -> (artifact id: 'dd7ff974622e55498b7ad475aa43c221') in 0.000588 seconds
Number of updated asset objects reloaded before import = 0
Number of asset objects unloaded after import = 0
========================================================================
Received Import Request.
  Time since last request: 4.286023 seconds.
  path: Assets/Resources/_Animations
  artifactKey: Guid(91e030ef97194694191f8551cafb23cb) Importer(815301076,1909f56bfc062723c751e8b465ee728b)
Start importing Assets/Resources/_Animations using Guid(91e030ef97194694191f8551cafb23cb) Importer(815301076,1909f56bfc062723c751e8b465ee728b)  -> (artifact id: '3f2dbc45d1470cd09bccc4846c0a9bc0') in 0.000730 seconds
Number of updated asset objects reloaded before import = 0
Number of asset objects unloaded after import = 0
========================================================================
Received Import Request.
  Time since last request: 4.885908 seconds.
  path: Assets/Resources/_Animations 1
  artifactKey: Guid(195364a431b1cb1458fcd9154f42813d) Importer(815301076,1909f56bfc062723c751e8b465ee728b)
Start importing Assets/Resources/_Animations 1 using Guid(195364a431b1cb1458fcd9154f42813d) Importer(815301076,1909f56bfc062723c751e8b465ee728b)  -> (artifact id: 'a32bf61608c095511a83ad37915ba5fa') in 0.000620 seconds
Number of updated asset objects reloaded before import = 0
Number of asset objects unloaded after import = 0
========================================================================
Received Import Request.
  Time since last request: 11.177062 seconds.
  path: Assets/Resources/_Animators
  artifactKey: Guid(195364a431b1cb1458fcd9154f42813d) Importer(815301076,1909f56bfc062723c751e8b465ee728b)
Start importing Assets/Resources/_Animators using Guid(195364a431b1cb1458fcd9154f42813d) Importer(815301076,1909f56bfc062723c751e8b465ee728b)  -> (artifact id: '626faf0460066eb35b4001517157141c') in 0.000646 seconds
Number of updated asset objects reloaded before import = 0
Number of asset objects unloaded after import = 0
========================================================================
Received Import Request.
  Time since last request: 32.694152 seconds.
  path: Assets/Resources/_Animators 1
  artifactKey: Guid(2632697fe5cfb09488c729512a5f5d65) Importer(815301076,1909f56bfc062723c751e8b465ee728b)
Start importing Assets/Resources/_Animators 1 using Guid(2632697fe5cfb09488c729512a5f5d65) Importer(815301076,1909f56bfc062723c751e8b465ee728b)  -> (artifact id: '283f2926e0629a033dccef8efa104d2a') in 0.000567 seconds
Number of updated asset objects reloaded before import = 0
Number of asset objects unloaded after import = 0
========================================================================
Received Import Request.
  Time since last request: 2.325876 seconds.
  path: Assets/Resources/_Models
  artifactKey: Guid(2632697fe5cfb09488c729512a5f5d65) Importer(815301076,1909f56bfc062723c751e8b465ee728b)
Start importing Assets/Resources/_Models using Guid(2632697fe5cfb09488c729512a5f5d65) Importer(815301076,1909f56bfc062723c751e8b465ee728b)  -> (artifact id: '8f4a3a003000c2ba9772540a72b8ee9c') in 0.000590 seconds
Number of updated asset objects reloaded before import = 0
Number of asset objects unloaded after import = 0
========================================================================
Received Import Request.
  Time since last request: 7.591571 seconds.
  path: Assets/Resources/_Models 1
  artifactKey: Guid(154f948fc6617ae429e20457d4ffe027) Importer(815301076,1909f56bfc062723c751e8b465ee728b)
Start importing Assets/Resources/_Models 1 using Guid(154f948fc6617ae429e20457d4ffe027) Importer(815301076,1909f56bfc062723c751e8b465ee728b)  -> (artifact id: '993a02213bd6afe3d4f8a760a66e87f1') in 0.000571 seconds
Number of updated asset objects reloaded before import = 0
Number of asset objects unloaded after import = 0
========================================================================
Received Import Request.
  Time since last request: 8.064558 seconds.
  path: Assets/Resources/_PhysicMaterials
  artifactKey: Guid(154f948fc6617ae429e20457d4ffe027) Importer(815301076,1909f56bfc062723c751e8b465ee728b)
Start importing Assets/Resources/_PhysicMaterials using Guid(154f948fc6617ae429e20457d4ffe027) Importer(815301076,1909f56bfc062723c751e8b465ee728b)  -> (artifact id: '24ed0bce9b62f6171617e887f406ea61') in 0.000669 seconds
Number of updated asset objects reloaded before import = 0
Number of asset objects unloaded after import = 0
========================================================================
Received Import Request.
  Time since last request: 29.624177 seconds.
  path: Assets/Resources/_Scenes/SampleScene.unity
  artifactKey: Guid(9fc0d4010bbf28b4594072e72b8655ab) Importer(815301076,1909f56bfc062723c751e8b465ee728b)
Start importing Assets/Resources/_Scenes/SampleScene.unity using Guid(9fc0d4010bbf28b4594072e72b8655ab) Importer(815301076,1909f56bfc062723c751e8b465ee728b)  -> (artifact id: 'a85bec50c8be757587fedfaade313866') in 0.000776 seconds
Number of updated asset objects reloaded before import = 0
Number of asset objects unloaded after import = 0
========================================================================
Received Import Request.
  Time since last request: 7.262899 seconds.
  path: Assets/Resources/_Scenes/_TestScene.unity
  artifactKey: Guid(9fc0d4010bbf28b4594072e72b8655ab) Importer(815301076,1909f56bfc062723c751e8b465ee728b)
Start importing Assets/Resources/_Scenes/_TestScene.unity using Guid(9fc0d4010bbf28b4594072e72b8655ab) Importer(815301076,1909f56bfc062723c751e8b465ee728b)  -> (artifact id: '6ab7cbf8d65969147b5a1ddc406e199c') in 0.000623 seconds
Number of updated asset objects reloaded before import = 0
Number of asset objects unloaded after import = 0
========================================================================
Received Import Request.
  Time since last request: 6.583202 seconds.
  path: Assets/Resources/_Scenes/test_Scn.unity
  artifactKey: Guid(9fc0d4010bbf28b4594072e72b8655ab) Importer(815301076,1909f56bfc062723c751e8b465ee728b)
Start importing Assets/Resources/_Scenes/test_Scn.unity using Guid(9fc0d4010bbf28b4594072e72b8655ab) Importer(815301076,1909f56bfc062723c751e8b465ee728b)  -> (artifact id: 'b402e55c96768d78fac709d79ee35c07') in 0.000595 seconds
Number of updated asset objects reloaded before import = 0
Number of asset objects unloaded after import = 0
